2018-05-22 08:46:43.529  INFO 10737 --- [restartedMain] com.leanovia.consultant.ConsultantApp    : The following profiles are active: swagger,dev
2018-05-22 08:46:45.420 DEBUG 10737 --- [restartedMain] c.l.c.config.AsyncConfiguration          : Creating Async Task Executor
2018-05-22 08:46:45.670 DEBUG 10737 --- [restartedMain] c.l.c.config.MetricsConfiguration        : Registering JVM gauges
2018-05-22 08:46:45.686 DEBUG 10737 --- [restartedMain] c.l.c.config.MetricsConfiguration        : Monitoring the datasource
2018-05-22 08:46:45.775 DEBUG 10737 --- [restartedMain] c.l.c.config.MetricsConfiguration        : Initializing Metrics JMX reporting
2018-05-22 08:46:46.764 DEBUG 10737 --- [restartedMain] c.l.c.config.DatabaseConfiguration       : Configuring Liquibase
2018-05-22 08:46:46.779  WARN 10737 --- [consultant-Executor-1] i.g.j.c.liquibase.AsyncSpringLiquibase   : Starting Liquibase asynchronously, your database might not be ready at startup!
2018-05-22 08:46:48.157  INFO 10737 --- [restartedMain] c.l.consultant.config.WebConfigurer      : Web application configuration, using profiles: swagger
2018-05-22 08:46:48.157 DEBUG 10737 --- [restartedMain] c.l.consultant.config.WebConfigurer      : Initializing Metrics registries
2018-05-22 08:46:48.158 DEBUG 10737 --- [restartedMain] c.l.consultant.config.WebConfigurer      : Registering Metrics Filter
2018-05-22 08:46:48.159 DEBUG 10737 --- [restartedMain] c.l.consultant.config.WebConfigurer      : Registering Metrics Servlet
2018-05-22 08:46:48.160  INFO 10737 --- [restartedMain] c.l.consultant.config.WebConfigurer      : Web application fully configured
2018-05-22 08:46:51.687  WARN 10737 --- [restartedMain] c.n.c.sources.URLConfigurationSource     : No URLs will be polled as dynamic configuration sources.
2018-05-22 08:46:52.100 DEBUG 10737 --- [restartedMain] i.g.j.c.apidoc.SwaggerAutoConfiguration  : Starting Swagger
2018-05-22 08:46:52.108 DEBUG 10737 --- [restartedMain] i.g.j.c.apidoc.SwaggerAutoConfiguration  : Started Swagger in 6 ms
2018-05-22 08:46:52.682  INFO 10737 --- [restartedMain] com.netflix.discovery.DiscoveryClient    : Initializing Eureka in region us-east-1
2018-05-22 08:46:52.687  INFO 10737 --- [restartedMain] c.n.d.provider.DiscoveryJerseyProvider   : Using JSON encoding codec LegacyJacksonJson
2018-05-22 08:46:52.689  INFO 10737 --- [restartedMain] c.n.d.provider.DiscoveryJerseyProvider   : Using JSON decoding codec LegacyJacksonJson
2018-05-22 08:46:52.689  INFO 10737 --- [restartedMain] c.n.d.provider.DiscoveryJerseyProvider   : Using XML encoding codec XStreamXml
2018-05-22 08:46:52.689  INFO 10737 --- [restartedMain] c.n.d.provider.DiscoveryJerseyProvider   : Using XML decoding codec XStreamXml
2018-05-22 08:46:52.807  INFO 10737 --- [restartedMain] c.n.d.s.r.aws.ConfigClusterResolver      : Resolving eureka endpoints via configuration
2018-05-22 08:46:52.812  INFO 10737 --- [restartedMain] com.netflix.discovery.DiscoveryClient    : Disable delta property : false
2018-05-22 08:46:52.813  INFO 10737 --- [restartedMain] com.netflix.discovery.DiscoveryClient    : Single vip registry refresh property : null
2018-05-22 08:46:52.814  INFO 10737 --- [restartedMain] com.netflix.discovery.DiscoveryClient    : Force full registry fetch : false
2018-05-22 08:46:52.814  INFO 10737 --- [restartedMain] com.netflix.discovery.DiscoveryClient    : Application is null : false
2018-05-22 08:46:52.814  INFO 10737 --- [restartedMain] com.netflix.discovery.DiscoveryClient    : Registered Applications size is zero : true
2018-05-22 08:46:52.815  INFO 10737 --- [restartedMain] com.netflix.discovery.DiscoveryClient    : Application version is -1: true
2018-05-22 08:46:52.815  INFO 10737 --- [restartedMain] com.netflix.discovery.DiscoveryClient    : Getting all instance registry info from the eureka server
2018-05-22 08:46:52.835  INFO 10737 --- [restartedMain] com.netflix.discovery.DiscoveryClient    : The response status is 200
2018-05-22 08:46:52.837  INFO 10737 --- [restartedMain] com.netflix.discovery.DiscoveryClient    : Starting heartbeat executor: renew interval is: 5
2018-05-22 08:46:52.850  INFO 10737 --- [restartedMain] c.n.discovery.InstanceInfoReplicator     : InstanceInfoReplicator onDemand update allowed rate per min is 12
2018-05-22 08:46:52.866  INFO 10737 --- [restartedMain] com.netflix.discovery.DiscoveryClient    : Discovery Client initialized at timestamp 1526971612866 with initial instances count: 1
2018-05-22 08:46:52.873  INFO 10737 --- [restartedMain] com.netflix.discovery.DiscoveryClient    : Saw local status change event StatusChangeEvent [timestamp=1526971612873, current=UP, previous=STARTING]
2018-05-22 08:46:52.879  INFO 10737 --- [DiscoveryClient-InstanceInfoReplicator-0] com.netflix.discovery.DiscoveryClient    : DiscoveryClient_CONSULTANT/consultant:3aafffdcb0e8e00c749d8889fc3d5fdc: registering service...
2018-05-22 08:46:52.887  INFO 10737 --- [DiscoveryClient-InstanceInfoReplicator-0] com.netflix.discovery.DiscoveryClient    : DiscoveryClient_CONSULTANT/consultant:3aafffdcb0e8e00c749d8889fc3d5fdc - registration status: 204
2018-05-22 08:46:53.249  INFO 10737 --- [restartedMain] com.leanovia.consultant.ConsultantApp    : Started ConsultantApp in 11.418 seconds (JVM running for 755.686)
2018-05-22 08:46:53.269  INFO 10737 --- [restartedMain] com.leanovia.consultant.ConsultantApp    : 
----------------------------------------------------------
	Application 'consultant' is running! Access URLs:
	Local: 		http://localhost:8081
	External: 	http://127.0.1.1:8081
	Profile(s): 	[swagger, dev]
----------------------------------------------------------
2018-05-22 08:46:53.269  INFO 10737 --- [restartedMain] com.leanovia.consultant.ConsultantApp    : 
----------------------------------------------------------
	Config Server: 	Connected to the JHipster Registry config server!
----------------------------------------------------------
2018-05-22 08:51:47.697 ERROR 10737 --- [consultant-Executor-1] i.g.j.c.liquibase.AsyncSpringLiquibase   : Liquibase could not start correctly, your database is NOT ready: Could not acquire change log lock.  Currently locked by 172.18.0.1 (172.18.0.1) since 5/22/18 8:39 AM

liquibase.exception.LockException: Could not acquire change log lock.  Currently locked by 172.18.0.1 (172.18.0.1) since 5/22/18 8:39 AM
	at liquibase.lockservice.StandardLockService.waitForLock(StandardLockService.java:190)
	at liquibase.Liquibase.update(Liquibase.java:196)
	at liquibase.Liquibase.update(Liquibase.java:192)
	at liquibase.integration.spring.SpringLiquibase.performUpdate(SpringLiquibase.java:431)
	at liquibase.integration.spring.SpringLiquibase.afterPropertiesSet(SpringLiquibase.java:388)
	at io.github.jhipster.config.liquibase.AsyncSpringLiquibase.initDb(AsyncSpringLiquibase.java:94)
	at io.github.jhipster.config.liquibase.AsyncSpringLiquibase.lambda$afterPropertiesSet$0(AsyncSpringLiquibase.java:77)
	at io.github.jhipster.async.ExceptionHandlingAsyncTaskExecutor.lambda$createWrappedRunnable$1(ExceptionHandlingAsyncTaskExecutor.java:68)
	at java.util.concurrent.ThreadPoolExecutor.runWorker(ThreadPoolExecutor.java:1149)
	at java.util.concurrent.ThreadPoolExecutor$Worker.run(ThreadPoolExecutor.java:624)
	at java.lang.Thread.run(Thread.java:748)

2018-05-22 08:51:53.633  INFO 10737 --- [AsyncResolver-bootstrap-executor-0] c.n.d.s.r.aws.ConfigClusterResolver      : Resolving eureka endpoints via configuration
2018-05-22 08:56:53.636  INFO 10737 --- [AsyncResolver-bootstrap-executor-0] c.n.d.s.r.aws.ConfigClusterResolver      : Resolving eureka endpoints via configuration
